<?xml version="1.0" encoding="UTF-8"?>
<!-- Generated by org.testng.reporters.JUnitReportReporter -->
<testsuite hostname="DESKTOP-3PKNHUN" failures="0" tests="28" name="com.Capium365.RunnerFiles.Capium365_Dashboard_Runner" time="1514.230" errors="0" timestamp="2025-08-21T10:14:04 IST" skipped="0">
  <testcase classname="com.Capium365.RunnerFiles.Capium365_Dashboard_Runner" name="runScenario" time="42.924"/>
  <testcase classname="com.Capium365.RunnerFiles.Capium365_Dashboard_Runner" name="runScenario" time="35.299"/>
  <testcase classname="com.Capium365.RunnerFiles.Capium365_Dashboard_Runner" name="runScenario" time="35.854"/>
  <testcase classname="com.Capium365.RunnerFiles.Capium365_Dashboard_Runner" name="runScenario" time="62.508"/>
  <testcase classname="com.Capium365.RunnerFiles.Capium365_Dashboard_Runner" name="runScenario" time="67.090"/>
  <testcase classname="com.Capium365.RunnerFiles.Capium365_Dashboard_Runner" name="runScenario" time="35.789"/>
  <testcase classname="com.Capium365.RunnerFiles.Capium365_Dashboard_Runner" name="runScenario" time="47.981"/>
  <testcase classname="com.Capium365.RunnerFiles.Capium365_Dashboard_Runner" name="runScenario" time="46.922"/>
  <testcase classname="com.Capium365.RunnerFiles.Capium365_Dashboard_Runner" name="runScenario" time="35.844"/>
  <testcase classname="com.Capium365.RunnerFiles.Capium365_Dashboard_Runner" name="runScenario" time="35.184"/>
  <testcase classname="com.Capium365.RunnerFiles.Capium365_Dashboard_Runner" name="runScenario" time="35.408"/>
  <testcase classname="com.Capium365.RunnerFiles.Capium365_Dashboard_Runner" name="runScenario" time="58.019"/>
  <testcase classname="com.Capium365.RunnerFiles.Capium365_Dashboard_Runner" name="runScenario" time="35.515"/>
  <testcase classname="com.Capium365.RunnerFiles.Capium365_Dashboard_Runner" name="runScenario" time="106.859"/>
  <testcase classname="com.Capium365.RunnerFiles.Capium365_Dashboard_Runner" name="runScenario" time="175.280"/>
  <testcase classname="com.Capium365.RunnerFiles.Capium365_Dashboard_Runner" name="runScenario" time="80.955"/>
  <testcase classname="com.Capium365.RunnerFiles.Capium365_Dashboard_Runner" name="runScenario" time="38.327"/>
  <testcase classname="com.Capium365.RunnerFiles.Capium365_Dashboard_Runner" name="runScenario" time="56.360"/>
  <testcase classname="com.Capium365.RunnerFiles.Capium365_Dashboard_Runner" name="runScenario" time="43.590"/>
  <testcase classname="com.Capium365.RunnerFiles.Capium365_Dashboard_Runner" name="runScenario" time="35.573"/>
  <testcase classname="com.Capium365.RunnerFiles.Capium365_Dashboard_Runner" name="runScenario" time="49.447"/>
  <testcase classname="com.Capium365.RunnerFiles.Capium365_Dashboard_Runner" name="runScenario" time="94.794"/>
  <testcase classname="com.Capium365.RunnerFiles.Capium365_Dashboard_Runner" name="runScenario" time="35.659"/>
  <testcase classname="com.Capium365.RunnerFiles.Capium365_Dashboard_Runner" name="runScenario" time="34.221"/>
  <testcase classname="com.Capium365.RunnerFiles.Capium365_Dashboard_Runner" name="runScenario" time="59.249"/>
  <testcase classname="com.Capium365.RunnerFiles.Capium365_Dashboard_Runner" name="runScenario" time="33.140"/>
  <testcase classname="com.Capium365.RunnerFiles.Capium365_Dashboard_Runner" name="runScenario" time="60.647"/>
  <testcase classname="com.Capium365.RunnerFiles.Capium365_Dashboard_Runner" name="runScenario" time="35.792"/>
</testsuite> <!-- com.Capium365.RunnerFiles.Capium365_Dashboard_Runner -->
