<?xml version="1.0" encoding="UTF-8"?>
<!-- Generated by org.testng.reporters.JUnitReportReporter -->
<testsuite hostname="DESKTOP-3PKNHUN" failures="0" tests="1" name="com.Capium365.RunnerFiles.Capium365_BankTab_Runner" time="45.901" errors="0" timestamp="2025-08-26T17:12:35 IST" skipped="0">
  <testcase classname="com.Capium365.RunnerFiles.Capium365_BankTab_Runner" name="runScenario" time="45.901"/>
</testsuite> <!-- com.Capium365.RunnerFiles.Capium365_BankTab_Runner -->
