<?xml version="1.0" encoding="UTF-8"?>
<!-- Generated by org.testng.reporters.JUnitReportReporter -->
<testsuite hostname="DESKTOP-3PKNHUN" failures="0" tests="1" name="com.Capium365.RunnerFiles.ClientPortal_Imports_Runner" time="38708.777" errors="0" timestamp="2025-09-18T11:22:09 IST" skipped="0">
  <testcase classname="com.Capium365.RunnerFiles.ClientPortal_Imports_Runner" name="runScenario" time="38708.777"/>
</testsuite> <!-- com.Capium365.RunnerFiles.ClientPortal_Imports_Runner -->
