<?xml version="1.0" encoding="UTF-8"?>
<!-- Generated by org.testng.reporters.JUnitReportReporter -->
<testsuite hostname="DESKTOP-3PKNHUN" failures="0" tests="1" name="com.Capium365.RunnerFiles.Capium365_Dashboard_Runner" time="61.831" errors="0" timestamp="2025-08-25T21:50:34 IST" skipped="0">
  <testcase classname="com.Capium365.RunnerFiles.Capium365_Dashboard_Runner" name="runScenario" time="61.831"/>
</testsuite> <!-- com.Capium365.RunnerFiles.Capium365_Dashboard_Runner -->
