<?xml version="1.0" encoding="UTF-8"?>
<!-- Generated by org.testng.reporters.JUnitReportReporter -->
<testsuite hostname="DESKTOP-3PKNHUN" failures="0" tests="1" name="com.Capium365.RunnerFiles.ClientPortal_Users_Runner" time="42.801" errors="0" timestamp="2025-09-17T22:16:43 IST" skipped="0">
  <testcase classname="com.Capium365.RunnerFiles.ClientPortal_Users_Runner" name="runScenario" time="42.801"/>
</testsuite> <!-- com.Capium365.RunnerFiles.ClientPortal_Users_Runner -->
